# JRE version: 7.0_21-b12
# Java VM: Java HotSpot(TM) 64-Bit Server VM (23.21-b01 mixed mode bsd-amd64 compressed oops)
Heap
 PSYoungGen      total 233024K, used 66865K [0x00000007eaab0000, 0x0000000800000000, 0x0000000800000000)
  eden space 116544K, 0% used [0x00000007eaab0000,0x00000007eaab0000,0x00000007f1c80000)
  from space 116480K, 57% used [0x00000007f1c80000,0x00000007f5dcc548,0x00000007f8e40000)
  to   space 116480K, 0% used [0x00000007f8e40000,0x00000007f8e40000,0x0000000800000000)
 ParOldGen       total 281344K, used 249162K [0x00000007c0000000, 0x00000007d12c0000, 0x00000007eaab0000)
  object space 281344K, 88% used [0x00000007c0000000,0x00000007cf352b98,0x00000007d12c0000)
 PSPermGen       total 21248K, used 6388K [0x00000007bae00000, 0x00000007bc2c0000, 0x00000007c0000000)
  object space 21248K, 30% used [0x00000007bae00000,0x00000007bb43d3a8,0x00000007bc2c0000)
GC Heap History (10 events):
Event: 22.345 GC heap after
Heap after GC invocations=15 (full 2):
 PSYoungGen      total 269952K, used 62378K [0x00000007eaab0000, 0x0000000800000000, 0x0000000800000000)
  eden space 207552K, 0% used [0x00000007eaab0000,0x00000007eaab0000,0x00000007f7560000)
  from space 62400K, 99% used [0x00000007f7560000,0x00000007fb24aa88,0x00000007fb250000)
  to   space 77312K, 0% used [0x00000007fb480000,0x00000007fb480000,0x0000000800000000)
 ParOldGen       total 281344K, used 155120K [0x00000007c0000000, 0x00000007d12c0000, 0x00000007eaab0000)
  object space 281344K, 55% used [0x00000007c0000000,0x00000007c977c378,0x00000007d12c0000)
 PSPermGen       total 21248K, used 6327K [0x00000007bae00000, 0x00000007bc2c0000, 0x00000007c0000000)
  object space 21248K, 29% used [0x00000007bae00000,0x00000007bb42df88,0x00000007bc2c0000)
}
Event: 23.183 GC heap before
{Heap before GC invocations=16 (full 2):
 PSYoungGen      total 269952K, used 269930K [0x00000007eaab0000, 0x0000000800000000, 0x0000000800000000)
  eden space 207552K, 100% used [0x00000007eaab0000,0x00000007f7560000,0x00000007f7560000)
  from space 62400K, 99% used [0x00000007f7560000,0x00000007fb24aa88,0x00000007fb250000)
  to   space 77312K, 0% used [0x00000007fb480000,0x00000007fb480000,0x0000000800000000)
 ParOldGen       total 281344K, used 155120K [0x00000007c0000000, 0x00000007d12c0000, 0x00000007eaab0000)
  object space 281344K, 55% used [0x00000007c0000000,0x00000007c977c378,0x00000007d12c0000)
 PSPermGen       total 21248K, used 6339K [0x00000007bae00000, 0x00000007bc2c0000, 0x00000007c0000000)
  object space 21248K, 29% used [0x00000007bae00000,0x00000007bb430ee0,0x00000007bc2c0000)
Event: 23.373 GC heap after
Heap after GC invocations=16 (full 2):
 PSYoungGen      total 234432K, used 77285K [0x00000007eaab0000, 0x0000000800000000, 0x0000000800000000)
  eden space 157120K, 0% used [0x00000007eaab0000,0x00000007eaab0000,0x00000007f4420000)
  from space 77312K, 99% used [0x00000007fb480000,0x00000007ffff95d8,0x0000000800000000)
  to   space 96192K, 0% used [0x00000007f4420000,0x00000007f4420000,0x00000007fa210000)
 ParOldGen       total 281344K, used 171887K [0x00000007c0000000, 0x00000007d12c0000, 0x00000007eaab0000)
  object space 281344K, 61% used [0x00000007c0000000,0x00000007ca7dbe20,0x00000007d12c0000)
 PSPermGen       total 21248K, used 6339K [0x00000007bae00000, 0x00000007bc2c0000, 0x00000007c0000000)
  object space 21248K, 29% used [0x00000007bae00000,0x00000007bb430ee0,0x00000007bc2c0000)
}
Event: 24.429 GC heap before
{Heap before GC invocations=17 (full 2):
 PSYoungGen      total 234432K, used 234405K [0x00000007eaab0000, 0x0000000800000000, 0x0000000800000000)
  eden space 157120K, 100% used [0x00000007eaab0000,0x00000007f4420000,0x00000007f4420000)
  from space 77312K, 99% used [0x00000007fb480000,0x00000007ffff95d8,0x0000000800000000)
  to   space 96192K, 0% used [0x00000007f4420000,0x00000007f4420000,0x00000007fa210000)
 ParOldGen       total 281344K, used 171887K [0x00000007c0000000, 0x00000007d12c0000, 0x00000007eaab0000)
  object space 281344K, 61% used [0x00000007c0000000,0x00000007ca7dbe20,0x00000007d12c0000)
 PSPermGen       total 21248K, used 6344K [0x00000007bae00000, 0x00000007bc2c0000, 0x00000007c0000000)
  object space 21248K, 29% used [0x00000007bae00000,0x00000007bb432038,0x00000007bc2c0000)
Event: 24.887 GC heap after
Heap after GC invocations=17 (full 2):
 PSYoungGen      total 229376K, used 72220K [0x00000007eaab0000, 0x0000000800000000, 0x0000000800000000)
  eden space 157120K, 0% used [0x00000007eaab0000,0x00000007eaab0000,0x00000007f4420000)
  from space 72256K, 99% used [0x00000007f4420000,0x00000007f8aa73b8,0x00000007f8ab0000)
  to   space 103424K, 0% used [0x00000007f9b00000,0x00000007f9b00000,0x0000000800000000)
 ParOldGen       total 281344K, used 202347K [0x00000007c0000000, 0x00000007d12c0000, 0x00000007eaab0000)
  object space 281344K, 71% used [0x00000007c0000000,0x00000007cc59adb0,0x00000007d12c0000)
 PSPermGen       total 21248K, used 6344K [0x00000007bae00000, 0x00000007bc2c0000, 0x00000007c0000000)
  object space 21248K, 29% used [0x00000007bae00000,0x00000007bb432038,0x00000007bc2c0000)
}
Event: 25.493 GC heap before
{Heap before GC invocations=18 (full 2):
 PSYoungGen      total 229376K, used 229340K [0x00000007eaab0000, 0x0000000800000000, 0x0000000800000000)
  eden space 157120K, 100% used [0x00000007eaab0000,0x00000007f4420000,0x00000007f4420000)
  from space 72256K, 99% used [0x00000007f4420000,0x00000007f8aa73b8,0x00000007f8ab0000)
  to   space 103424K, 0% used [0x00000007f9b00000,0x00000007f9b00000,0x0000000800000000)
 ParOldGen       total 281344K, used 202347K [0x00000007c0000000, 0x00000007d12c0000, 0x00000007eaab0000)
  object space 281344K, 71% used [0x00000007c0000000,0x00000007cc59adb0,0x00000007d12c0000)
 PSPermGen       total 21248K, used 6350K [0x00000007bae00000, 0x00000007bc2c0000, 0x00000007c0000000)
  object space 21248K, 29% used [0x00000007bae00000,0x00000007bb433b88,0x00000007bc2c0000)
Event: 25.712 GC heap after
Heap after GC invocations=18 (full 2):
 PSYoungGen      total 219968K, used 94872K [0x00000007eaab0000, 0x0000000800000000, 0x0000000800000000)
  eden space 116544K, 0% used [0x00000007eaab0000,0x00000007eaab0000,0x00000007f1c80000)
  from space 103424K, 91% used [0x00000007f9b00000,0x00000007ff7a6318,0x0000000800000000)
  to   space 116480K, 0% used [0x00000007f1c80000,0x00000007f1c80000,0x00000007f8e40000)
 ParOldGen       total 281344K, used 202347K [0x00000007c0000000, 0x00000007d12c0000, 0x00000007eaab0000)
  object space 281344K, 71% used [0x00000007c0000000,0x00000007cc59adb0,0x00000007d12c0000)
 PSPermGen       total 21248K, used 6350K [0x00000007bae00000, 0x00000007bc2c0000, 0x00000007c0000000)
  object space 21248K, 29% used [0x00000007bae00000,0x00000007bb433b88,0x00000007bc2c0000)
}
Event: 26.127 GC heap before
{Heap before GC invocations=19 (full 2):
 PSYoungGen      total 219968K, used 211416K [0x00000007eaab0000, 0x0000000800000000, 0x0000000800000000)
  eden space 116544K, 100% used [0x00000007eaab0000,0x00000007f1c80000,0x00000007f1c80000)
  from space 103424K, 91% used [0x00000007f9b00000,0x00000007ff7a6318,0x0000000800000000)
  to   space 116480K, 0% used [0x00000007f1c80000,0x00000007f1c80000,0x00000007f8e40000)
 ParOldGen       total 281344K, used 202347K [0x00000007c0000000, 0x00000007d12c0000, 0x00000007eaab0000)
  object space 281344K, 71% used [0x00000007c0000000,0x00000007cc59adb0,0x00000007d12c0000)
 PSPermGen       total 21248K, used 6388K [0x00000007bae00000, 0x00000007bc2c0000, 0x00000007c0000000)
  object space 21248K, 30% used [0x00000007bae00000,0x00000007bb43d3a8,0x00000007bc2c0000)
Event: 26.336 GC heap after
Heap after GC invocations=19 (full 2):
 PSYoungGen      total 233024K, used 66865K [0x00000007eaab0000, 0x0000000800000000, 0x0000000800000000)
  eden space 116544K, 0% used [0x00000007eaab0000,0x00000007eaab0000,0x00000007f1c80000)
  from space 116480K, 57% used [0x00000007f1c80000,0x00000007f5dcc548,0x00000007f8e40000)
  to   space 116480K, 0% used [0x00000007f8e40000,0x00000007f8e40000,0x0000000800000000)
 ParOldGen       total 281344K, used 249162K [0x00000007c0000000, 0x00000007d12c0000, 0x00000007eaab0000)
  object space 281344K, 88% used [0x00000007c0000000,0x00000007cf352b98,0x00000007d12c0000)
 PSPermGen       total 21248K, used 6388K [0x00000007bae00000, 0x00000007bc2c0000, 0x00000007c0000000)
  object space 21248K, 30% used [0x00000007bae00000,0x00000007bb43d3a8,0x00000007bc2c0000)
}
Event: 26.336 GC heap before
{Heap before GC invocations=20 (full 3):
 PSYoungGen      total 233024K, used 66865K [0x00000007eaab0000, 0x0000000800000000, 0x0000000800000000)
  eden space 116544K, 0% used [0x00000007eaab0000,0x00000007eaab0000,0x00000007f1c80000)
  from space 116480K, 57% used [0x00000007f1c80000,0x00000007f5dcc548,0x00000007f8e40000)
  to   space 116480K, 0% used [0x00000007f8e40000,0x00000007f8e40000,0x0000000800000000)
 ParOldGen       total 281344K, used 249162K [0x00000007c0000000, 0x00000007d12c0000, 0x00000007eaab0000)
  object space 281344K, 88% used [0x00000007c0000000,0x00000007cf352b98,0x00000007d12c0000)
 PSPermGen       total 21248K, used 6388K [0x00000007bae00000, 0x00000007bc2c0000, 0x00000007c0000000)
  object space 21248K, 30% used [0x00000007bae00000,0x00000007bb43d3a8,0x00000007bc2c0000)

