# JRE version: 7.0_21-b12
# Java VM: Java HotSpot(TM) 64-Bit Server VM (23.21-b01 mixed mode bsd-amd64 compressed oops)
Heap
 def new generation   total 2880K, used 2880K [0x00000007bae00000, 0x00000007bb120000, 0x00000007d0350000)
  eden space 2560K, 100% used [0x00000007bae00000, 0x00000007bb080000, 0x00000007bb080000)
  from space 320K, 100% used [0x00000007bb080000, 0x00000007bb0d0000, 0x00000007bb0d0000)
  to   space 320K, 100% used [0x00000007bb0d0000, 0x00000007bb120000, 0x00000007bb120000)
 tenured generation   total 6400K, used 5747K [0x00000007d0350000, 0x00000007d0990000, 0x00000007fae00000)
   the space 6400K,  89% used [0x00000007d0350000, 0x00000007d08ecfb8, 0x00000007d08ed000, 0x00000007d0990000)
 compacting perm gen  total 21248K, used 5931K [0x00000007fae00000, 0x00000007fc2c0000, 0x0000000800000000)
   the space 21248K,  27% used [0x00000007fae00000, 0x00000007fb3cafd8, 0x00000007fb3cb000, 0x00000007fc2c0000)
GC Heap History (10 events):
Event: 1.914 GC heap after
Heap after GC invocations=6 (full 0):
 def new generation   total 2880K, used 319K [0x00000007bae00000, 0x00000007bb120000, 0x00000007d0350000)
  eden space 2560K,   0% used [0x00000007bae00000, 0x00000007bae00000, 0x00000007bb080000)
  from space 320K,  99% used [0x00000007bb080000, 0x00000007bb0cfff8, 0x00000007bb0d0000)
  to   space 320K,   0% used [0x00000007bb0d0000, 0x00000007bb0d0000, 0x00000007bb120000)
 tenured generation   total 6400K, used 3346K [0x00000007d0350000, 0x00000007d0990000, 0x00000007fae00000)
   the space 6400K,  52% used [0x00000007d0350000, 0x00000007d0694a20, 0x00000007d0694c00, 0x00000007d0990000)
 compacting perm gen  total 21248K, used 5760K [0x00000007fae00000, 0x00000007fc2c0000, 0x0000000800000000)
   the space 21248K,  27% used [0x00000007fae00000, 0x00000007fb3a02d8, 0x00000007fb3a0400, 0x00000007fc2c0000)
No shared spaces configured.
}
Event: 2.066 GC heap before
{Heap before GC invocations=6 (full 0):
 def new generation   total 2880K, used 2879K [0x00000007bae00000, 0x00000007bb120000, 0x00000007d0350000)
  eden space 2560K, 100% used [0x00000007bae00000, 0x00000007bb080000, 0x00000007bb080000)
  from space 320K,  99% used [0x00000007bb080000, 0x00000007bb0cfff8, 0x00000007bb0d0000)
  to   space 320K,   0% used [0x00000007bb0d0000, 0x00000007bb0d0000, 0x00000007bb120000)
 tenured generation   total 6400K, used 3346K [0x00000007d0350000, 0x00000007d0990000, 0x00000007fae00000)
   the space 6400K,  52% used [0x00000007d0350000, 0x00000007d0694a20, 0x00000007d0694c00, 0x00000007d0990000)
 compacting perm gen  total 21248K, used 5797K [0x00000007fae00000, 0x00000007fc2c0000, 0x0000000800000000)
   the space 21248K,  27% used [0x00000007fae00000, 0x00000007fb3a95d0, 0x00000007fb3a9600, 0x00000007fc2c0000)
No shared spaces configured.
Event: 2.072 GC heap after
Heap after GC invocations=7 (full 0):
 def new generation   total 2880K, used 319K [0x00000007bae00000, 0x00000007bb120000, 0x00000007d0350000)
  eden space 2560K,   0% used [0x00000007bae00000, 0x00000007bae00000, 0x00000007bb080000)
  from space 320K,  99% used [0x00000007bb0d0000, 0x00000007bb11fff8, 0x00000007bb120000)
  to   space 320K,   0% used [0x00000007bb080000, 0x00000007bb080000, 0x00000007bb0d0000)
 tenured generation   total 6400K, used 3839K [0x00000007d0350000, 0x00000007d0990000, 0x00000007fae00000)
   the space 6400K,  59% used [0x00000007d0350000, 0x00000007d070fee8, 0x00000007d0710000, 0x00000007d0990000)
 compacting perm gen  total 21248K, used 5797K [0x00000007fae00000, 0x00000007fc2c0000, 0x0000000800000000)
   the space 21248K,  27% used [0x00000007fae00000, 0x00000007fb3a95d0, 0x00000007fb3a9600, 0x00000007fc2c0000)
No shared spaces configured.
}
Event: 2.209 GC heap before
{Heap before GC invocations=7 (full 0):
 def new generation   total 2880K, used 2879K [0x00000007bae00000, 0x00000007bb120000, 0x00000007d0350000)
  eden space 2560K, 100% used [0x00000007bae00000, 0x00000007bb080000, 0x00000007bb080000)
  from space 320K,  99% used [0x00000007bb0d0000, 0x00000007bb11fff8, 0x00000007bb120000)
  to   space 320K,   0% used [0x00000007bb080000, 0x00000007bb080000, 0x00000007bb0d0000)
 tenured generation   total 6400K, used 3839K [0x00000007d0350000, 0x00000007d0990000, 0x00000007fae00000)
   the space 6400K,  59% used [0x00000007d0350000, 0x00000007d070fee8, 0x00000007d0710000, 0x00000007d0990000)
 compacting perm gen  total 21248K, used 5836K [0x00000007fae00000, 0x00000007fc2c0000, 0x0000000800000000)
   the space 21248K,  27% used [0x00000007fae00000, 0x00000007fb3b3160, 0x00000007fb3b3200, 0x00000007fc2c0000)
No shared spaces configured.
Event: 2.214 GC heap after
Heap after GC invocations=8 (full 0):
 def new generation   total 2880K, used 320K [0x00000007bae00000, 0x00000007bb120000, 0x00000007d0350000)
  eden space 2560K,   0% used [0x00000007bae00000, 0x00000007bae00000, 0x00000007bb080000)
  from space 320K, 100% used [0x00000007bb080000, 0x00000007bb0d0000, 0x00000007bb0d0000)
  to   space 320K,   0% used [0x00000007bb0d0000, 0x00000007bb0d0000, 0x00000007bb120000)
 tenured generation   total 6400K, used 4198K [0x00000007d0350000, 0x00000007d0990000, 0x00000007fae00000)
   the space 6400K,  65% used [0x00000007d0350000, 0x00000007d0769ae8, 0x00000007d0769c00, 0x00000007d0990000)
 compacting perm gen  total 21248K, used 5836K [0x00000007fae00000, 0x00000007fc2c0000, 0x0000000800000000)
   the space 21248K,  27% used [0x00000007fae00000, 0x00000007fb3b3160, 0x00000007fb3b3200, 0x00000007fc2c0000)
No shared spaces configured.
}
Event: 2.517 GC heap before
{Heap before GC invocations=8 (full 0):
 def new generation   total 2880K, used 2880K [0x00000007bae00000, 0x00000007bb120000, 0x00000007d0350000)
  eden space 2560K, 100% used [0x00000007bae00000, 0x00000007bb080000, 0x00000007bb080000)
  from space 320K, 100% used [0x00000007bb080000, 0x00000007bb0d0000, 0x00000007bb0d0000)
  to   space 320K,   0% used [0x00000007bb0d0000, 0x00000007bb0d0000, 0x00000007bb120000)
 tenured generation   total 6400K, used 4198K [0x00000007d0350000, 0x00000007d0990000, 0x00000007fae00000)
   the space 6400K,  65% used [0x00000007d0350000, 0x00000007d0769ae8, 0x00000007d0769c00, 0x00000007d0990000)
 compacting perm gen  total 21248K, used 5852K [0x00000007fae00000, 0x00000007fc2c0000, 0x0000000800000000)
   the space 21248K,  27% used [0x00000007fae00000, 0x00000007fb3b73c0, 0x00000007fb3b7400, 0x00000007fc2c0000)
No shared spaces configured.
Event: 2.523 GC heap after
Heap after GC invocations=9 (full 0):
 def new generation   total 2880K, used 320K [0x00000007bae00000, 0x00000007bb120000, 0x00000007d0350000)
  eden space 2560K,   0% used [0x00000007bae00000, 0x00000007bae00000, 0x00000007bb080000)
  from space 320K, 100% used [0x00000007bb0d0000, 0x00000007bb120000, 0x00000007bb120000)
  to   space 320K,   0% used [0x00000007bb080000, 0x00000007bb080000, 0x00000007bb0d0000)
 tenured generation   total 6400K, used 4613K [0x00000007d0350000, 0x00000007d0990000, 0x00000007fae00000)
   the space 6400K,  72% used [0x00000007d0350000, 0x00000007d07d17e8, 0x00000007d07d1800, 0x00000007d0990000)
 compacting perm gen  total 21248K, used 5852K [0x00000007fae00000, 0x00000007fc2c0000, 0x0000000800000000)
   the space 21248K,  27% used [0x00000007fae00000, 0x00000007fb3b73c0, 0x00000007fb3b7400, 0x00000007fc2c0000)
No shared spaces configured.
}
Event: 2.686 GC heap before
{Heap before GC invocations=9 (full 0):
 def new generation   total 2880K, used 2880K [0x00000007bae00000, 0x00000007bb120000, 0x00000007d0350000)
  eden space 2560K, 100% used [0x00000007bae00000, 0x00000007bb080000, 0x00000007bb080000)
  from space 320K, 100% used [0x00000007bb0d0000, 0x00000007bb120000, 0x00000007bb120000)
  to   space 320K,   0% used [0x00000007bb080000, 0x00000007bb080000, 0x00000007bb0d0000)
 tenured generation   total 6400K, used 4613K [0x00000007d0350000, 0x00000007d0990000, 0x00000007fae00000)
   the space 6400K,  72% used [0x00000007d0350000, 0x00000007d07d17e8, 0x00000007d07d1800, 0x00000007d0990000)
 compacting perm gen  total 21248K, used 5891K [0x00000007fae00000, 0x00000007fc2c0000, 0x0000000800000000)
   the space 21248K,  27% used [0x00000007fae00000, 0x00000007fb3c0d58, 0x00000007fb3c0e00, 0x00000007fc2c0000)
No shared spaces configured.
Event: 2.693 GC heap after
Heap after GC invocations=10 (full 0):
 def new generation   total 2880K, used 320K [0x00000007bae00000, 0x00000007bb120000, 0x00000007d0350000)
  eden space 2560K,   0% used [0x00000007bae00000, 0x00000007bae00000, 0x00000007bb080000)
  from space 320K, 100% used [0x00000007bb080000, 0x00000007bb0d0000, 0x00000007bb0d0000)
  to   space 320K,   0% used [0x00000007bb0d0000, 0x00000007bb0d0000, 0x00000007bb120000)
 tenured generation   total 6400K, used 5287K [0x00000007d0350000, 0x00000007d0990000, 0x00000007fae00000)
   the space 6400K,  82% used [0x00000007d0350000, 0x00000007d0879f30, 0x00000007d087a000, 0x00000007d0990000)
 compacting perm gen  total 21248K, used 5891K [0x00000007fae00000, 0x00000007fc2c0000, 0x0000000800000000)
   the space 21248K,  27% used [0x00000007fae00000, 0x00000007fb3c0d58, 0x00000007fb3c0e00, 0x00000007fc2c0000)
No shared spaces configured.
}
Event: 2.922 GC heap before
{Heap before GC invocations=10 (full 0):
 def new generation   total 2880K, used 2880K [0x00000007bae00000, 0x00000007bb120000, 0x00000007d0350000)
  eden space 2560K, 100% used [0x00000007bae00000, 0x00000007bb080000, 0x00000007bb080000)
  from space 320K, 100% used [0x00000007bb080000, 0x00000007bb0d0000, 0x00000007bb0d0000)
  to   space 320K,   0% used [0x00000007bb0d0000, 0x00000007bb0d0000, 0x00000007bb120000)
 tenured generation   total 6400K, used 5287K [0x00000007d0350000, 0x00000007d0990000, 0x00000007fae00000)
   the space 6400K,  82% used [0x00000007d0350000, 0x00000007d0879f30, 0x00000007d087a000, 0x00000007d0990000)
 compacting perm gen  total 21248K, used 5931K [0x00000007fae00000, 0x00000007fc2c0000, 0x0000000800000000)
   the space 21248K,  27% used [0x00000007fae00000, 0x00000007fb3cafd8, 0x00000007fb3cb000, 0x00000007fc2c0000)
No shared spaces configured.

