# JRE version: 7.0_21-b12
# Java VM: Java HotSpot(TM) 64-Bit Server VM (23.21-b01 mixed mode bsd-amd64 compressed oops)
Heap
 PSYoungGen      total 291456K, used 31408K [0x00000007eaab0000, 0x0000000800000000, 0x0000000800000000)
  eden space 233536K, 0% used [0x00000007eaab0000,0x00000007eaab0000,0x00000007f8ec0000)
  from space 57920K, 54% used [0x00000007fc770000,0x00000007fe61c038,0x0000000800000000)
  to   space 57984K, 0% used [0x00000007f8ec0000,0x00000007f8ec0000,0x00000007fc760000)
 ParOldGen       total 197952K, used 173899K [0x00000007c0000000, 0x00000007cc150000, 0x00000007eaab0000)
  object space 197952K, 87% used [0x00000007c0000000,0x00000007ca9d2ce8,0x00000007cc150000)
 PSPermGen       total 21248K, used 6327K [0x00000007bae00000, 0x00000007bc2c0000, 0x00000007c0000000)
  object space 21248K, 29% used [0x00000007bae00000,0x00000007bb42ded0,0x00000007bc2c0000)
GC Heap History (10 events):
Event: 12.288 GC heap after
Heap after GC invocations=15 (full 2):
 PSYoungGen      total 205248K, used 39140K [0x00000007eaab0000, 0x00000007fd130000, 0x0000000800000000)
  eden space 166080K, 0% used [0x00000007eaab0000,0x00000007eaab0000,0x00000007f4ce0000)
  from space 39168K, 99% used [0x00000007f4ce0000,0x00000007f7319310,0x00000007f7320000)
  to   space 47872K, 0% used [0x00000007fa270000,0x00000007fa270000,0x00000007fd130000)
 ParOldGen       total 122176K, used 76404K [0x00000007c0000000, 0x00000007c7750000, 0x00000007eaab0000)
  object space 122176K, 62% used [0x00000007c0000000,0x00000007c4a9d200,0x00000007c7750000)
 PSPermGen       total 21248K, used 6274K [0x00000007bae00000, 0x00000007bc2c0000, 0x00000007c0000000)
  object space 21248K, 29% used [0x00000007bae00000,0x00000007bb4209a8,0x00000007bc2c0000)
}
Event: 13.726 GC heap before
{Heap before GC invocations=16 (full 2):
 PSYoungGen      total 205248K, used 205220K [0x00000007eaab0000, 0x00000007fd130000, 0x0000000800000000)
  eden space 166080K, 100% used [0x00000007eaab0000,0x00000007f4ce0000,0x00000007f4ce0000)
  from space 39168K, 99% used [0x00000007f4ce0000,0x00000007f7319310,0x00000007f7320000)
  to   space 47872K, 0% used [0x00000007fa270000,0x00000007fa270000,0x00000007fd130000)
 ParOldGen       total 122176K, used 76404K [0x00000007c0000000, 0x00000007c7750000, 0x00000007eaab0000)
  object space 122176K, 62% used [0x00000007c0000000,0x00000007c4a9d200,0x00000007c7750000)
 PSPermGen       total 21248K, used 6292K [0x00000007bae00000, 0x00000007bc2c0000, 0x00000007c0000000)
  object space 21248K, 29% used [0x00000007bae00000,0x00000007bb425078,0x00000007bc2c0000)
Event: 13.862 GC heap after
Heap after GC invocations=16 (full 2):
 PSYoungGen      total 252928K, used 27488K [0x00000007eaab0000, 0x00000007fd5b0000, 0x0000000800000000)
  eden space 205056K, 0% used [0x00000007eaab0000,0x00000007eaab0000,0x00000007f72f0000)
  from space 47872K, 57% used [0x00000007fa270000,0x00000007fbd48010,0x00000007fd130000)
  to   space 48640K, 0% used [0x00000007f72f0000,0x00000007f72f0000,0x00000007fa270000)
 ParOldGen       total 122176K, used 115520K [0x00000007c0000000, 0x00000007c7750000, 0x00000007eaab0000)
  object space 122176K, 94% used [0x00000007c0000000,0x00000007c70d0260,0x00000007c7750000)
 PSPermGen       total 21248K, used 6292K [0x00000007bae00000, 0x00000007bc2c0000, 0x00000007c0000000)
  object space 21248K, 29% used [0x00000007bae00000,0x00000007bb425078,0x00000007bc2c0000)
}
Event: 13.862 GC heap before
{Heap before GC invocations=17 (full 3):
 PSYoungGen      total 252928K, used 27488K [0x00000007eaab0000, 0x00000007fd5b0000, 0x0000000800000000)
  eden space 205056K, 0% used [0x00000007eaab0000,0x00000007eaab0000,0x00000007f72f0000)
  from space 47872K, 57% used [0x00000007fa270000,0x00000007fbd48010,0x00000007fd130000)
  to   space 48640K, 0% used [0x00000007f72f0000,0x00000007f72f0000,0x00000007fa270000)
 ParOldGen       total 122176K, used 115520K [0x00000007c0000000, 0x00000007c7750000, 0x00000007eaab0000)
  object space 122176K, 94% used [0x00000007c0000000,0x00000007c70d0260,0x00000007c7750000)
 PSPermGen       total 21248K, used 6292K [0x00000007bae00000, 0x00000007bc2c0000, 0x00000007c0000000)
  object space 21248K, 29% used [0x00000007bae00000,0x00000007bb425078,0x00000007bc2c0000)
Event: 14.538 GC heap after
Heap after GC invocations=17 (full 3):
 PSYoungGen      total 252928K, used 18822K [0x00000007eaab0000, 0x00000007fd5b0000, 0x0000000800000000)
  eden space 205056K, 0% used [0x00000007eaab0000,0x00000007eaab0000,0x00000007f72f0000)
  from space 47872K, 39% used [0x00000007fa270000,0x00000007fb4d1830,0x00000007fd130000)
  to   space 48640K, 0% used [0x00000007f72f0000,0x00000007f72f0000,0x00000007fa270000)
 ParOldGen       total 197952K, used 122173K [0x00000007c0000000, 0x00000007cc150000, 0x00000007eaab0000)
  object space 197952K, 61% used [0x00000007c0000000,0x00000007c774f5d8,0x00000007cc150000)
 PSPermGen       total 21248K, used 6291K [0x00000007bae00000, 0x00000007bc2c0000, 0x00000007c0000000)
  object space 21248K, 29% used [0x00000007bae00000,0x00000007bb424ed8,0x00000007bc2c0000)
}
Event: 15.841 GC heap before
{Heap before GC invocations=18 (full 3):
 PSYoungGen      total 252928K, used 223878K [0x00000007eaab0000, 0x00000007fd5b0000, 0x0000000800000000)
  eden space 205056K, 100% used [0x00000007eaab0000,0x00000007f72f0000,0x00000007f72f0000)
  from space 47872K, 39% used [0x00000007fa270000,0x00000007fb4d1830,0x00000007fd130000)
  to   space 48640K, 0% used [0x00000007f72f0000,0x00000007f72f0000,0x00000007fa270000)
 ParOldGen       total 197952K, used 122191K [0x00000007c0000000, 0x00000007cc150000, 0x00000007eaab0000)
  object space 197952K, 61% used [0x00000007c0000000,0x00000007c7753dd8,0x00000007cc150000)
 PSPermGen       total 21248K, used 6315K [0x00000007bae00000, 0x00000007bc2c0000, 0x00000007c0000000)
  object space 21248K, 29% used [0x00000007bae00000,0x00000007bb42ad40,0x00000007bc2c0000)
Event: 16.020 GC heap after
Heap after GC invocations=18 (full 3):
 PSYoungGen      total 253696K, used 48628K [0x00000007eaab0000, 0x0000000800000000, 0x0000000800000000)
  eden space 205056K, 0% used [0x00000007eaab0000,0x00000007eaab0000,0x00000007f72f0000)
  from space 48640K, 99% used [0x00000007f72f0000,0x00000007fa26d370,0x00000007fa270000)
  to   space 57920K, 0% used [0x00000007fc770000,0x00000007fc770000,0x0000000800000000)
 ParOldGen       total 197952K, used 125077K [0x00000007c0000000, 0x00000007cc150000, 0x00000007eaab0000)
  object space 197952K, 63% used [0x00000007c0000000,0x00000007c7a254f8,0x00000007cc150000)
 PSPermGen       total 21248K, used 6315K [0x00000007bae00000, 0x00000007bc2c0000, 0x00000007c0000000)
  object space 21248K, 29% used [0x00000007bae00000,0x00000007bb42ad40,0x00000007bc2c0000)
}
Event: 17.203 GC heap before
{Heap before GC invocations=19 (full 3):
 PSYoungGen      total 253696K, used 253684K [0x00000007eaab0000, 0x0000000800000000, 0x0000000800000000)
  eden space 205056K, 100% used [0x00000007eaab0000,0x00000007f72f0000,0x00000007f72f0000)
  from space 48640K, 99% used [0x00000007f72f0000,0x00000007fa26d370,0x00000007fa270000)
  to   space 57920K, 0% used [0x00000007fc770000,0x00000007fc770000,0x0000000800000000)
 ParOldGen       total 197952K, used 125079K [0x00000007c0000000, 0x00000007cc150000, 0x00000007eaab0000)
  object space 197952K, 63% used [0x00000007c0000000,0x00000007c7a25f78,0x00000007cc150000)
 PSPermGen       total 21248K, used 6327K [0x00000007bae00000, 0x00000007bc2c0000, 0x00000007c0000000)
  object space 21248K, 29% used [0x00000007bae00000,0x00000007bb42ded0,0x00000007bc2c0000)
Event: 17.420 GC heap after
Heap after GC invocations=19 (full 3):
 PSYoungGen      total 291456K, used 31408K [0x00000007eaab0000, 0x0000000800000000, 0x0000000800000000)
  eden space 233536K, 0% used [0x00000007eaab0000,0x00000007eaab0000,0x00000007f8ec0000)
  from space 57920K, 54% used [0x00000007fc770000,0x00000007fe61c038,0x0000000800000000)
  to   space 57984K, 0% used [0x00000007f8ec0000,0x00000007f8ec0000,0x00000007fc760000)
 ParOldGen       total 197952K, used 173899K [0x00000007c0000000, 0x00000007cc150000, 0x00000007eaab0000)
  object space 197952K, 87% used [0x00000007c0000000,0x00000007ca9d2ce8,0x00000007cc150000)
 PSPermGen       total 21248K, used 6327K [0x00000007bae00000, 0x00000007bc2c0000, 0x00000007c0000000)
  object space 21248K, 29% used [0x00000007bae00000,0x00000007bb42ded0,0x00000007bc2c0000)
}
Event: 17.420 GC heap before
{Heap before GC invocations=20 (full 4):
 PSYoungGen      total 291456K, used 31408K [0x00000007eaab0000, 0x0000000800000000, 0x0000000800000000)
  eden space 233536K, 0% used [0x00000007eaab0000,0x00000007eaab0000,0x00000007f8ec0000)
  from space 57920K, 54% used [0x00000007fc770000,0x00000007fe61c038,0x0000000800000000)
  to   space 57984K, 0% used [0x00000007f8ec0000,0x00000007f8ec0000,0x00000007fc760000)
 ParOldGen       total 197952K, used 173899K [0x00000007c0000000, 0x00000007cc150000, 0x00000007eaab0000)
  object space 197952K, 87% used [0x00000007c0000000,0x00000007ca9d2ce8,0x00000007cc150000)
 PSPermGen       total 21248K, used 6327K [0x00000007bae00000, 0x00000007bc2c0000, 0x00000007c0000000)
  object space 21248K, 29% used [0x00000007bae00000,0x00000007bb42ded0,0x00000007bc2c0000)

