# JRE version: 7.0_21-b12
# Java VM: Java HotSpot(TM) 64-Bit Server VM (23.21-b01 mixed mode bsd-amd64 compressed oops)
Heap
 PSYoungGen      total 258240K, used 30310K [0x00000007eaab0000, 0x0000000800000000, 0x0000000800000000)
  eden space 166976K, 0% used [0x00000007eaab0000,0x00000007eaab0000,0x00000007f4dc0000)
  from space 91264K, 33% used [0x00000007f4dc0000,0x00000007f6b598c0,0x00000007fa6e0000)
  to   space 86528K, 0% used [0x00000007fab80000,0x00000007fab80000,0x0000000800000000)
 ParOldGen       total 331072K, used 317512K [0x00000007c0000000, 0x00000007d4350000, 0x00000007eaab0000)
  object space 331072K, 95% used [0x00000007c0000000,0x00000007d3612188,0x00000007d4350000)
 PSPermGen       total 21248K, used 6410K [0x00000007bae00000, 0x00000007bc2c0000, 0x00000007c0000000)
  object space 21248K, 30% used [0x00000007bae00000,0x00000007bb442bc0,0x00000007bc2c0000)
GC Heap History (10 events):
Event: 25.399 GC heap after
Heap after GC invocations=21 (full 4):
 PSYoungGen      total 263168K, used 0K [0x00000007eaab0000, 0x0000000800000000, 0x0000000800000000)
  eden space 204928K, 0% used [0x00000007eaab0000,0x00000007eaab0000,0x00000007f72d0000)
  from space 58240K, 0% used [0x00000007f72d0000,0x00000007f72d0000,0x00000007fabb0000)
  to   space 58240K, 0% used [0x00000007fc720000,0x00000007fc720000,0x0000000800000000)
 ParOldGen       total 331072K, used 212196K [0x00000007c0000000, 0x00000007d4350000, 0x00000007eaab0000)
  object space 331072K, 64% used [0x00000007c0000000,0x00000007ccf39278,0x00000007d4350000)
 PSPermGen       total 21248K, used 6323K [0x00000007bae00000, 0x00000007bc2c0000, 0x00000007c0000000)
  object space 21248K, 29% used [0x00000007bae00000,0x00000007bb42cd58,0x00000007bc2c0000)
}
Event: 26.370 GC heap before
{Heap before GC invocations=22 (full 4):
 PSYoungGen      total 263168K, used 204928K [0x00000007eaab0000, 0x0000000800000000, 0x0000000800000000)
  eden space 204928K, 100% used [0x00000007eaab0000,0x00000007f72d0000,0x00000007f72d0000)
  from space 58240K, 0% used [0x00000007f72d0000,0x00000007f72d0000,0x00000007fabb0000)
  to   space 58240K, 0% used [0x00000007fc720000,0x00000007fc720000,0x0000000800000000)
 ParOldGen       total 331072K, used 212196K [0x00000007c0000000, 0x00000007d4350000, 0x00000007eaab0000)
  object space 331072K, 64% used [0x00000007c0000000,0x00000007ccf39278,0x00000007d4350000)
 PSPermGen       total 21248K, used 6330K [0x00000007bae00000, 0x00000007bc2c0000, 0x00000007c0000000)
  object space 21248K, 29% used [0x00000007bae00000,0x00000007bb42e968,0x00000007bc2c0000)
Event: 26.439 GC heap after
Heap after GC invocations=22 (full 4):
 PSYoungGen      total 290880K, used 32222K [0x00000007eaab0000, 0x00000007fffa0000, 0x0000000800000000)
  eden space 233024K, 0% used [0x00000007eaab0000,0x00000007eaab0000,0x00000007f8e40000)
  from space 57856K, 55% used [0x00000007fc720000,0x00000007fe697930,0x00000007fffa0000)
  to   space 58048K, 0% used [0x00000007f8e40000,0x00000007f8e40000,0x00000007fc6f0000)
 ParOldGen       total 331072K, used 212196K [0x00000007c0000000, 0x00000007d4350000, 0x00000007eaab0000)
  object space 331072K, 64% used [0x00000007c0000000,0x00000007ccf39278,0x00000007d4350000)
 PSPermGen       total 21248K, used 6330K [0x00000007bae00000, 0x00000007bc2c0000, 0x00000007c0000000)
  object space 21248K, 29% used [0x00000007bae00000,0x00000007bb42e968,0x00000007bc2c0000)
}
Event: 27.214 GC heap before
{Heap before GC invocations=23 (full 4):
 PSYoungGen      total 290880K, used 265246K [0x00000007eaab0000, 0x00000007fffa0000, 0x0000000800000000)
  eden space 233024K, 100% used [0x00000007eaab0000,0x00000007f8e40000,0x00000007f8e40000)
  from space 57856K, 55% used [0x00000007fc720000,0x00000007fe697930,0x00000007fffa0000)
  to   space 58048K, 0% used [0x00000007f8e40000,0x00000007f8e40000,0x00000007fc6f0000)
 ParOldGen       total 331072K, used 212196K [0x00000007c0000000, 0x00000007d4350000, 0x00000007eaab0000)
  object space 331072K, 64% used [0x00000007c0000000,0x00000007ccf39278,0x00000007d4350000)
 PSPermGen       total 21248K, used 6339K [0x00000007bae00000, 0x00000007bc2c0000, 0x00000007c0000000)
  object space 21248K, 29% used [0x00000007bae00000,0x00000007bb430c38,0x00000007bc2c0000)
Event: 27.376 GC heap after
Heap after GC invocations=23 (full 4):
 PSYoungGen      total 291072K, used 58019K [0x00000007eaab0000, 0x0000000800000000, 0x0000000800000000)
  eden space 233024K, 0% used [0x00000007eaab0000,0x00000007eaab0000,0x00000007f8e40000)
  from space 58048K, 99% used [0x00000007f8e40000,0x00000007fc6e8cd0,0x00000007fc6f0000)
  to   space 58432K, 0% used [0x00000007fc6f0000,0x00000007fc6f0000,0x0000000800000000)
 ParOldGen       total 331072K, used 221405K [0x00000007c0000000, 0x00000007d4350000, 0x00000007eaab0000)
  object space 331072K, 66% used [0x00000007c0000000,0x00000007cd8375c8,0x00000007d4350000)
 PSPermGen       total 21248K, used 6339K [0x00000007bae00000, 0x00000007bc2c0000, 0x00000007c0000000)
  object space 21248K, 29% used [0x00000007bae00000,0x00000007bb430c38,0x00000007bc2c0000)
}
Event: 28.176 GC heap before
{Heap before GC invocations=24 (full 4):
 PSYoungGen      total 291072K, used 291043K [0x00000007eaab0000, 0x0000000800000000, 0x0000000800000000)
  eden space 233024K, 100% used [0x00000007eaab0000,0x00000007f8e40000,0x00000007f8e40000)
  from space 58048K, 99% used [0x00000007f8e40000,0x00000007fc6e8cd0,0x00000007fc6f0000)
  to   space 58432K, 0% used [0x00000007fc6f0000,0x00000007fc6f0000,0x0000000800000000)
 ParOldGen       total 331072K, used 221405K [0x00000007c0000000, 0x00000007d4350000, 0x00000007eaab0000)
  object space 331072K, 66% used [0x00000007c0000000,0x00000007cd8375c8,0x00000007d4350000)
 PSPermGen       total 21248K, used 6352K [0x00000007bae00000, 0x00000007bc2c0000, 0x00000007c0000000)
  object space 21248K, 29% used [0x00000007bae00000,0x00000007bb434010,0x00000007bc2c0000)
Event: 28.487 GC heap after
Heap after GC invocations=24 (full 4):
 PSYoungGen      total 225408K, used 58421K [0x00000007eaab0000, 0x0000000800000000, 0x0000000800000000)
  eden space 166976K, 0% used [0x00000007eaab0000,0x00000007eaab0000,0x00000007f4dc0000)
  from space 58432K, 99% used [0x00000007fc6f0000,0x00000007ffffd630,0x0000000800000000)
  to   space 91264K, 0% used [0x00000007f4dc0000,0x00000007f4dc0000,0x00000007fa6e0000)
 ParOldGen       total 331072K, used 258800K [0x00000007c0000000, 0x00000007d4350000, 0x00000007eaab0000)
  object space 331072K, 78% used [0x00000007c0000000,0x00000007cfcbc2f8,0x00000007d4350000)
 PSPermGen       total 21248K, used 6352K [0x00000007bae00000, 0x00000007bc2c0000, 0x00000007c0000000)
  object space 21248K, 29% used [0x00000007bae00000,0x00000007bb434010,0x00000007bc2c0000)
}
Event: 29.061 GC heap before
{Heap before GC invocations=25 (full 4):
 PSYoungGen      total 225408K, used 225397K [0x00000007eaab0000, 0x0000000800000000, 0x0000000800000000)
  eden space 166976K, 100% used [0x00000007eaab0000,0x00000007f4dc0000,0x00000007f4dc0000)
  from space 58432K, 99% used [0x00000007fc6f0000,0x00000007ffffd630,0x0000000800000000)
  to   space 91264K, 0% used [0x00000007f4dc0000,0x00000007f4dc0000,0x00000007fa6e0000)
 ParOldGen       total 331072K, used 258800K [0x00000007c0000000, 0x00000007d4350000, 0x00000007eaab0000)
  object space 331072K, 78% used [0x00000007c0000000,0x00000007cfcbc2f8,0x00000007d4350000)
 PSPermGen       total 21248K, used 6410K [0x00000007bae00000, 0x00000007bc2c0000, 0x00000007c0000000)
  object space 21248K, 30% used [0x00000007bae00000,0x00000007bb442bc0,0x00000007bc2c0000)
Event: 29.380 GC heap after
Heap after GC invocations=25 (full 4):
 PSYoungGen      total 258240K, used 30310K [0x00000007eaab0000, 0x0000000800000000, 0x0000000800000000)
  eden space 166976K, 0% used [0x00000007eaab0000,0x00000007eaab0000,0x00000007f4dc0000)
  from space 91264K, 33% used [0x00000007f4dc0000,0x00000007f6b598c0,0x00000007fa6e0000)
  to   space 86528K, 0% used [0x00000007fab80000,0x00000007fab80000,0x0000000800000000)
 ParOldGen       total 331072K, used 317512K [0x00000007c0000000, 0x00000007d4350000, 0x00000007eaab0000)
  object space 331072K, 95% used [0x00000007c0000000,0x00000007d3612188,0x00000007d4350000)
 PSPermGen       total 21248K, used 6410K [0x00000007bae00000, 0x00000007bc2c0000, 0x00000007c0000000)
  object space 21248K, 30% used [0x00000007bae00000,0x00000007bb442bc0,0x00000007bc2c0000)
}
Event: 29.380 GC heap before
{Heap before GC invocations=26 (full 5):
 PSYoungGen      total 258240K, used 30310K [0x00000007eaab0000, 0x0000000800000000, 0x0000000800000000)
  eden space 166976K, 0% used [0x00000007eaab0000,0x00000007eaab0000,0x00000007f4dc0000)
  from space 91264K, 33% used [0x00000007f4dc0000,0x00000007f6b598c0,0x00000007fa6e0000)
  to   space 86528K, 0% used [0x00000007fab80000,0x00000007fab80000,0x0000000800000000)
 ParOldGen       total 331072K, used 317512K [0x00000007c0000000, 0x00000007d4350000, 0x00000007eaab0000)
  object space 331072K, 95% used [0x00000007c0000000,0x00000007d3612188,0x00000007d4350000)
 PSPermGen       total 21248K, used 6410K [0x00000007bae00000, 0x00000007bc2c0000, 0x00000007c0000000)
  object space 21248K, 30% used [0x00000007bae00000,0x00000007bb442bc0,0x00000007bc2c0000)

