# JRE version: 7.0_21-b12
# Java VM: Java HotSpot(TM) 64-Bit Server VM (23.21-b01 mixed mode bsd-amd64 compressed oops)
Heap
 PSYoungGen      total 245824K, used 57925K [0x00000007eaab0000, 0x00000007ff540000, 0x0000000800000000)
  eden space 153728K, 11% used [0x00000007eaab0000,0x00000007ebc10810,0x00000007f40d0000)
  from space 92096K, 43% used [0x00000007f40d0000,0x00000007f6800ca8,0x00000007f9ac0000)
  to   space 87936K, 0% used [0x00000007f9f60000,0x00000007f9f60000,0x00000007ff540000)
 ParOldGen       total 580992K, used 434138K [0x00000007c0000000, 0x00000007e3760000, 0x00000007eaab0000)
  object space 580992K, 74% used [0x00000007c0000000,0x00000007da7f6898,0x00000007e3760000)
 PSPermGen       total 21248K, used 6706K [0x00000007bae00000, 0x00000007bc2c0000, 0x00000007c0000000)
  object space 21248K, 31% used [0x00000007bae00000,0x00000007bb48ca90,0x00000007bc2c0000)
GC Heap History (10 events):
Event: 31.768 GC heap before
{Heap before GC invocations=27 (full 5):
 PSYoungGen      total 157312K, used 157307K [0x00000007eaab0000, 0x00000007ff810000, 0x0000000800000000)
  eden space 139520K, 100% used [0x00000007eaab0000,0x00000007f32f0000,0x00000007f32f0000)
  from space 17792K, 99% used [0x00000007f32f0000,0x00000007f444ed48,0x00000007f4450000)
  to   space 100928K, 0% used [0x00000007f9580000,0x00000007f9580000,0x00000007ff810000)
 ParOldGen       total 454784K, used 355826K [0x00000007c0000000, 0x00000007dbc20000, 0x00000007eaab0000)
  object space 454784K, 78% used [0x00000007c0000000,0x00000007d5b7c888,0x00000007dbc20000)
 PSPermGen       total 21248K, used 6429K [0x00000007bae00000, 0x00000007bc2c0000, 0x00000007c0000000)
  object space 21248K, 30% used [0x00000007bae00000,0x00000007bb4474e8,0x00000007bc2c0000)
Event: 31.851 GC heap after
Heap after GC invocations=27 (full 5):
 PSYoungGen      total 243456K, used 24152K [0x00000007eaab0000, 0x0000000800000000, 0x0000000800000000)
  eden space 142528K, 0% used [0x00000007eaab0000,0x00000007eaab0000,0x00000007f35e0000)
  from space 100928K, 23% used [0x00000007f9580000,0x00000007fad16350,0x00000007ff810000)
  to   space 97920K, 0% used [0x00000007f35e0000,0x00000007f35e0000,0x00000007f9580000)
 ParOldGen       total 454784K, used 372967K [0x00000007c0000000, 0x00000007dbc20000, 0x00000007eaab0000)
  object space 454784K, 82% used [0x00000007c0000000,0x00000007d6c39da0,0x00000007dbc20000)
 PSPermGen       total 21248K, used 6429K [0x00000007bae00000, 0x00000007bc2c0000, 0x00000007c0000000)
  object space 21248K, 30% used [0x00000007bae00000,0x00000007bb4474e8,0x00000007bc2c0000)
}
Event: 32.186 GC heap before
{Heap before GC invocations=28 (full 5):
 PSYoungGen      total 243456K, used 166680K [0x00000007eaab0000, 0x0000000800000000, 0x0000000800000000)
  eden space 142528K, 100% used [0x00000007eaab0000,0x00000007f35e0000,0x00000007f35e0000)
  from space 100928K, 23% used [0x00000007f9580000,0x00000007fad16350,0x00000007ff810000)
  to   space 97920K, 0% used [0x00000007f35e0000,0x00000007f35e0000,0x00000007f9580000)
 ParOldGen       total 454784K, used 372967K [0x00000007c0000000, 0x00000007dbc20000, 0x00000007eaab0000)
  object space 454784K, 82% used [0x00000007c0000000,0x00000007d6c39da0,0x00000007dbc20000)
 PSPermGen       total 21248K, used 6431K [0x00000007bae00000, 0x00000007bc2c0000, 0x00000007c0000000)
  object space 21248K, 30% used [0x00000007bae00000,0x00000007bb447d08,0x00000007bc2c0000)
Event: 32.279 GC heap after
Heap after GC invocations=28 (full 5):
 PSYoungGen      total 240448K, used 21553K [0x00000007eaab0000, 0x00000007ff7b0000, 0x0000000800000000)
  eden space 142528K, 0% used [0x00000007eaab0000,0x00000007eaab0000,0x00000007f35e0000)
  from space 97920K, 22% used [0x00000007f35e0000,0x00000007f4aec760,0x00000007f9580000)
  to   space 95168K, 0% used [0x00000007f9ac0000,0x00000007f9ac0000,0x00000007ff7b0000)
 ParOldGen       total 454784K, used 392475K [0x00000007c0000000, 0x00000007dbc20000, 0x00000007eaab0000)
  object space 454784K, 86% used [0x00000007c0000000,0x00000007d7f46ce8,0x00000007dbc20000)
 PSPermGen       total 21248K, used 6431K [0x00000007bae00000, 0x00000007bc2c0000, 0x00000007c0000000)
  object space 21248K, 30% used [0x00000007bae00000,0x00000007bb447d08,0x00000007bc2c0000)
}
Event: 32.655 GC heap before
{Heap before GC invocations=29 (full 5):
 PSYoungGen      total 240448K, used 164081K [0x00000007eaab0000, 0x00000007ff7b0000, 0x0000000800000000)
  eden space 142528K, 100% used [0x00000007eaab0000,0x00000007f35e0000,0x00000007f35e0000)
  from space 97920K, 22% used [0x00000007f35e0000,0x00000007f4aec760,0x00000007f9580000)
  to   space 95168K, 0% used [0x00000007f9ac0000,0x00000007f9ac0000,0x00000007ff7b0000)
 ParOldGen       total 454784K, used 392475K [0x00000007c0000000, 0x00000007dbc20000, 0x00000007eaab0000)
  object space 454784K, 86% used [0x00000007c0000000,0x00000007d7f46ce8,0x00000007dbc20000)
 PSPermGen       total 21248K, used 6431K [0x00000007bae00000, 0x00000007bc2c0000, 0x00000007c0000000)
  object space 21248K, 30% used [0x00000007bae00000,0x00000007bb447ff8,0x00000007bc2c0000)
Event: 32.752 GC heap after
Heap after GC invocations=29 (full 5):
 PSYoungGen      total 248512K, used 22477K [0x00000007eaab0000, 0x00000007ff750000, 0x0000000800000000)
  eden space 153728K, 0% used [0x00000007eaab0000,0x00000007eaab0000,0x00000007f40d0000)
  from space 94784K, 23% used [0x00000007f9ac0000,0x00000007fb0b35b8,0x00000007ff750000)
  to   space 92096K, 0% used [0x00000007f40d0000,0x00000007f40d0000,0x00000007f9ac0000)
 ParOldGen       total 454784K, used 412774K [0x00000007c0000000, 0x00000007dbc20000, 0x00000007eaab0000)
  object space 454784K, 90% used [0x00000007c0000000,0x00000007d9319808,0x00000007dbc20000)
 PSPermGen       total 21248K, used 6431K [0x00000007bae00000, 0x00000007bc2c0000, 0x00000007c0000000)
  object space 21248K, 30% used [0x00000007bae00000,0x00000007bb447ff8,0x00000007bc2c0000)
}
Event: 32.752 GC heap before
{Heap before GC invocations=30 (full 6):
 PSYoungGen      total 248512K, used 22477K [0x00000007eaab0000, 0x00000007ff750000, 0x0000000800000000)
  eden space 153728K, 0% used [0x00000007eaab0000,0x00000007eaab0000,0x00000007f40d0000)
  from space 94784K, 23% used [0x00000007f9ac0000,0x00000007fb0b35b8,0x00000007ff750000)
  to   space 92096K, 0% used [0x00000007f40d0000,0x00000007f40d0000,0x00000007f9ac0000)
 ParOldGen       total 454784K, used 412774K [0x00000007c0000000, 0x00000007dbc20000, 0x00000007eaab0000)
  object space 454784K, 90% used [0x00000007c0000000,0x00000007d9319808,0x00000007dbc20000)
 PSPermGen       total 21248K, used 6431K [0x00000007bae00000, 0x00000007bc2c0000, 0x00000007c0000000)
  object space 21248K, 30% used [0x00000007bae00000,0x00000007bb447ff8,0x00000007bc2c0000)
Event: 34.567 GC heap after
Heap after GC invocations=30 (full 6):
 PSYoungGen      total 248512K, used 0K [0x00000007eaab0000, 0x00000007ff750000, 0x0000000800000000)
  eden space 153728K, 0% used [0x00000007eaab0000,0x00000007eaab0000,0x00000007f40d0000)
  from space 94784K, 0% used [0x00000007f9ac0000,0x00000007f9ac0000,0x00000007ff750000)
  to   space 92096K, 0% used [0x00000007f40d0000,0x00000007f40d0000,0x00000007f9ac0000)
 ParOldGen       total 580992K, used 434138K [0x00000007c0000000, 0x00000007e3760000, 0x00000007eaab0000)
  object space 580992K, 74% used [0x00000007c0000000,0x00000007da7f6898,0x00000007e3760000)
 PSPermGen       total 21248K, used 6431K [0x00000007bae00000, 0x00000007bc2c0000, 0x00000007c0000000)
  object space 21248K, 30% used [0x00000007bae00000,0x00000007bb447e18,0x00000007bc2c0000)
}
Event: 39.496 GC heap before
{Heap before GC invocations=31 (full 6):
 PSYoungGen      total 248512K, used 153728K [0x00000007eaab0000, 0x00000007ff750000, 0x0000000800000000)
  eden space 153728K, 100% used [0x00000007eaab0000,0x00000007f40d0000,0x00000007f40d0000)
  from space 94784K, 0% used [0x00000007f9ac0000,0x00000007f9ac0000,0x00000007ff750000)
  to   space 92096K, 0% used [0x00000007f40d0000,0x00000007f40d0000,0x00000007f9ac0000)
 ParOldGen       total 580992K, used 434138K [0x00000007c0000000, 0x00000007e3760000, 0x00000007eaab0000)
  object space 580992K, 74% used [0x00000007c0000000,0x00000007da7f6898,0x00000007e3760000)
 PSPermGen       total 21248K, used 6703K [0x00000007bae00000, 0x00000007bc2c0000, 0x00000007c0000000)
  object space 21248K, 31% used [0x00000007bae00000,0x00000007bb48bef8,0x00000007bc2c0000)
Event: 39.594 GC heap after
Heap after GC invocations=31 (full 6):
 PSYoungGen      total 245824K, used 40131K [0x00000007eaab0000, 0x00000007ff540000, 0x0000000800000000)
  eden space 153728K, 0% used [0x00000007eaab0000,0x00000007eaab0000,0x00000007f40d0000)
  from space 92096K, 43% used [0x00000007f40d0000,0x00000007f6800ca8,0x00000007f9ac0000)
  to   space 87936K, 0% used [0x00000007f9f60000,0x00000007f9f60000,0x00000007ff540000)
 ParOldGen       total 580992K, used 434138K [0x00000007c0000000, 0x00000007e3760000, 0x00000007eaab0000)
  object space 580992K, 74% used [0x00000007c0000000,0x00000007da7f6898,0x00000007e3760000)
 PSPermGen       total 21248K, used 6703K [0x00000007bae00000, 0x00000007bc2c0000, 0x00000007c0000000)
  object space 21248K, 31% used [0x00000007bae00000,0x00000007bb48bef8,0x00000007bc2c0000)
}

