# JRE version: 7.0_21-b12
# Java VM: Java HotSpot(TM) 64-Bit Server VM (23.21-b01 mixed mode bsd-amd64 compressed oops)
Heap
 PSYoungGen      total 233024K, used 66777K [0x00000007eaab0000, 0x0000000800000000, 0x0000000800000000)
  eden space 116544K, 0% used [0x00000007eaab0000,0x00000007eaab0000,0x00000007f1c80000)
  from space 116480K, 57% used [0x00000007f8e40000,0x00000007fcf765e8,0x0000000800000000)
  to   space 116480K, 0% used [0x00000007f1c80000,0x00000007f1c80000,0x00000007f8e40000)
 ParOldGen       total 310208K, used 291337K [0x00000007c0000000, 0x00000007d2ef0000, 0x00000007eaab0000)
  object space 310208K, 93% used [0x00000007c0000000,0x00000007d1c824e8,0x00000007d2ef0000)
 PSPermGen       total 21248K, used 6419K [0x00000007bae00000, 0x00000007bc2c0000, 0x00000007c0000000)
  object space 21248K, 30% used [0x00000007bae00000,0x00000007bb444f78,0x00000007bc2c0000)
GC Heap History (10 events):
Event: 25.096 GC heap after
Heap after GC invocations=20 (full 4):
 PSYoungGen      total 256384K, used 43059K [0x00000007eaab0000, 0x0000000800000000, 0x0000000800000000)
  eden space 159744K, 0% used [0x00000007eaab0000,0x00000007eaab0000,0x00000007f46b0000)
  from space 96640K, 44% used [0x00000007fa1a0000,0x00000007fcbacdf8,0x0000000800000000)
  to   space 93120K, 0% used [0x00000007f46b0000,0x00000007f46b0000,0x00000007fa1a0000)
 ParOldGen       total 310208K, used 225601K [0x00000007c0000000, 0x00000007d2ef0000, 0x00000007eaab0000)
  object space 310208K, 72% used [0x00000007c0000000,0x00000007cdc504c0,0x00000007d2ef0000)
 PSPermGen       total 21248K, used 6337K [0x00000007bae00000, 0x00000007bc2c0000, 0x00000007c0000000)
  object space 21248K, 29% used [0x00000007bae00000,0x00000007bb430580,0x00000007bc2c0000)
}
Event: 25.599 GC heap before
{Heap before GC invocations=21 (full 4):
 PSYoungGen      total 256384K, used 202803K [0x00000007eaab0000, 0x0000000800000000, 0x0000000800000000)
  eden space 159744K, 100% used [0x00000007eaab0000,0x00000007f46b0000,0x00000007f46b0000)
  from space 96640K, 44% used [0x00000007fa1a0000,0x00000007fcbacdf8,0x0000000800000000)
  to   space 93120K, 0% used [0x00000007f46b0000,0x00000007f46b0000,0x00000007fa1a0000)
 ParOldGen       total 310208K, used 225601K [0x00000007c0000000, 0x00000007d2ef0000, 0x00000007eaab0000)
  object space 310208K, 72% used [0x00000007c0000000,0x00000007cdc504c0,0x00000007d2ef0000)
 PSPermGen       total 21248K, used 6346K [0x00000007bae00000, 0x00000007bc2c0000, 0x00000007c0000000)
  object space 21248K, 29% used [0x00000007bae00000,0x00000007bb432950,0x00000007bc2c0000)
Event: 25.725 GC heap after
Heap after GC invocations=21 (full 4):
 PSYoungGen      total 226304K, used 66559K [0x00000007eaab0000, 0x0000000800000000, 0x0000000800000000)
  eden space 159744K, 0% used [0x00000007eaab0000,0x00000007eaab0000,0x00000007f46b0000)
  from space 66560K, 99% used [0x00000007f46b0000,0x00000007f87affa8,0x00000007f87b0000)
  to   space 98432K, 0% used [0x00000007f9fe0000,0x00000007f9fe0000,0x0000000800000000)
 ParOldGen       total 310208K, used 225601K [0x00000007c0000000, 0x00000007d2ef0000, 0x00000007eaab0000)
  object space 310208K, 72% used [0x00000007c0000000,0x00000007cdc504c0,0x00000007d2ef0000)
 PSPermGen       total 21248K, used 6346K [0x00000007bae00000, 0x00000007bc2c0000, 0x00000007c0000000)
  object space 21248K, 29% used [0x00000007bae00000,0x00000007bb432950,0x00000007bc2c0000)
}
Event: 26.280 GC heap before
{Heap before GC invocations=22 (full 4):
 PSYoungGen      total 226304K, used 226303K [0x00000007eaab0000, 0x0000000800000000, 0x0000000800000000)
  eden space 159744K, 100% used [0x00000007eaab0000,0x00000007f46b0000,0x00000007f46b0000)
  from space 66560K, 99% used [0x00000007f46b0000,0x00000007f87affa8,0x00000007f87b0000)
  to   space 98432K, 0% used [0x00000007f9fe0000,0x00000007f9fe0000,0x0000000800000000)
 ParOldGen       total 310208K, used 225601K [0x00000007c0000000, 0x00000007d2ef0000, 0x00000007eaab0000)
  object space 310208K, 72% used [0x00000007c0000000,0x00000007cdc504c0,0x00000007d2ef0000)
 PSPermGen       total 21248K, used 6389K [0x00000007bae00000, 0x00000007bc2c0000, 0x00000007c0000000)
  object space 21248K, 30% used [0x00000007bae00000,0x00000007bb43d470,0x00000007bc2c0000)
Event: 26.469 GC heap after
Heap after GC invocations=22 (full 4):
 PSYoungGen      total 224064K, used 92250K [0x00000007eaab0000, 0x0000000800000000, 0x0000000800000000)
  eden space 125632K, 0% used [0x00000007eaab0000,0x00000007eaab0000,0x00000007f2560000)
  from space 98432K, 93% used [0x00000007f9fe0000,0x00000007ff9f69e0,0x0000000800000000)
  to   space 111936K, 0% used [0x00000007f2560000,0x00000007f2560000,0x00000007f92b0000)
 ParOldGen       total 310208K, used 225601K [0x00000007c0000000, 0x00000007d2ef0000, 0x00000007eaab0000)
  object space 310208K, 72% used [0x00000007c0000000,0x00000007cdc504c0,0x00000007d2ef0000)
 PSPermGen       total 21248K, used 6389K [0x00000007bae00000, 0x00000007bc2c0000, 0x00000007c0000000)
  object space 21248K, 30% used [0x00000007bae00000,0x00000007bb43d470,0x00000007bc2c0000)
}
Event: 26.795 GC heap before
{Heap before GC invocations=23 (full 4):
 PSYoungGen      total 224064K, used 217882K [0x00000007eaab0000, 0x0000000800000000, 0x0000000800000000)
  eden space 125632K, 100% used [0x00000007eaab0000,0x00000007f2560000,0x00000007f2560000)
  from space 98432K, 93% used [0x00000007f9fe0000,0x00000007ff9f69e0,0x0000000800000000)
  to   space 111936K, 0% used [0x00000007f2560000,0x00000007f2560000,0x00000007f92b0000)
 ParOldGen       total 310208K, used 225601K [0x00000007c0000000, 0x00000007d2ef0000, 0x00000007eaab0000)
  object space 310208K, 72% used [0x00000007c0000000,0x00000007cdc504c0,0x00000007d2ef0000)
 PSPermGen       total 21248K, used 6404K [0x00000007bae00000, 0x00000007bc2c0000, 0x00000007c0000000)
  object space 21248K, 30% used [0x00000007bae00000,0x00000007bb441200,0x00000007bc2c0000)
Event: 27.038 GC heap after
Heap after GC invocations=23 (full 4):
 PSYoungGen      total 222912K, used 97259K [0x00000007eaab0000, 0x0000000800000000, 0x0000000800000000)
  eden space 125632K, 0% used [0x00000007eaab0000,0x00000007eaab0000,0x00000007f2560000)
  from space 97280K, 99% used [0x00000007f2560000,0x00000007f845ac00,0x00000007f8460000)
  to   space 116480K, 0% used [0x00000007f8e40000,0x00000007f8e40000,0x0000000800000000)
 ParOldGen       total 310208K, used 243416K [0x00000007c0000000, 0x00000007d2ef0000, 0x00000007eaab0000)
  object space 310208K, 78% used [0x00000007c0000000,0x00000007cedb6318,0x00000007d2ef0000)
 PSPermGen       total 21248K, used 6404K [0x00000007bae00000, 0x00000007bc2c0000, 0x00000007c0000000)
  object space 21248K, 30% used [0x00000007bae00000,0x00000007bb441200,0x00000007bc2c0000)
}
Event: 27.438 GC heap before
{Heap before GC invocations=24 (full 4):
 PSYoungGen      total 222912K, used 222891K [0x00000007eaab0000, 0x0000000800000000, 0x0000000800000000)
  eden space 125632K, 100% used [0x00000007eaab0000,0x00000007f2560000,0x00000007f2560000)
  from space 97280K, 99% used [0x00000007f2560000,0x00000007f845ac00,0x00000007f8460000)
  to   space 116480K, 0% used [0x00000007f8e40000,0x00000007f8e40000,0x0000000800000000)
 ParOldGen       total 310208K, used 243416K [0x00000007c0000000, 0x00000007d2ef0000, 0x00000007eaab0000)
  object space 310208K, 78% used [0x00000007c0000000,0x00000007cedb6318,0x00000007d2ef0000)
 PSPermGen       total 21248K, used 6419K [0x00000007bae00000, 0x00000007bc2c0000, 0x00000007c0000000)
  object space 21248K, 30% used [0x00000007bae00000,0x00000007bb444f78,0x00000007bc2c0000)
Event: 27.657 GC heap after
Heap after GC invocations=24 (full 4):
 PSYoungGen      total 233024K, used 66777K [0x00000007eaab0000, 0x0000000800000000, 0x0000000800000000)
  eden space 116544K, 0% used [0x00000007eaab0000,0x00000007eaab0000,0x00000007f1c80000)
  from space 116480K, 57% used [0x00000007f8e40000,0x00000007fcf765e8,0x0000000800000000)
  to   space 116480K, 0% used [0x00000007f1c80000,0x00000007f1c80000,0x00000007f8e40000)
 ParOldGen       total 310208K, used 291337K [0x00000007c0000000, 0x00000007d2ef0000, 0x00000007eaab0000)
  object space 310208K, 93% used [0x00000007c0000000,0x00000007d1c824e8,0x00000007d2ef0000)
 PSPermGen       total 21248K, used 6419K [0x00000007bae00000, 0x00000007bc2c0000, 0x00000007c0000000)
  object space 21248K, 30% used [0x00000007bae00000,0x00000007bb444f78,0x00000007bc2c0000)
}
Event: 27.657 GC heap before
{Heap before GC invocations=25 (full 5):
 PSYoungGen      total 233024K, used 66777K [0x00000007eaab0000, 0x0000000800000000, 0x0000000800000000)
  eden space 116544K, 0% used [0x00000007eaab0000,0x00000007eaab0000,0x00000007f1c80000)
  from space 116480K, 57% used [0x00000007f8e40000,0x00000007fcf765e8,0x0000000800000000)
  to   space 116480K, 0% used [0x00000007f1c80000,0x00000007f1c80000,0x00000007f8e40000)
 ParOldGen       total 310208K, used 291337K [0x00000007c0000000, 0x00000007d2ef0000, 0x00000007eaab0000)
  object space 310208K, 93% used [0x00000007c0000000,0x00000007d1c824e8,0x00000007d2ef0000)
 PSPermGen       total 21248K, used 6419K [0x00000007bae00000, 0x00000007bc2c0000, 0x00000007c0000000)
  object space 21248K, 30% used [0x00000007bae00000,0x00000007bb444f78,0x00000007bc2c0000)

