# JRE version: 7.0_21-b12
# Java VM: Java HotSpot(TM) 64-Bit Server VM (23.21-b01 mixed mode bsd-amd64 compressed oops)
Heap
 def new generation   total 106624K, used 106624K [0x00000007bae00000, 0x00000007c21b0000, 0x00000007d0350000)
  eden space 94784K, 100% used [0x00000007bae00000, 0x00000007c0a90000, 0x00000007c0a90000)
  from space 11840K, 100% used [0x00000007c1620000, 0x00000007c21b0000, 0x00000007c21b0000)
  to   space 11840K,   0% used [0x00000007c0a90000, 0x00000007c0aa3578, 0x00000007c1620000)
 tenured generation   total 236776K, used 152383K [0x00000007d0350000, 0x00000007dea8a000, 0x00000007fae00000)
   the space 236776K,  64% used [0x00000007d0350000, 0x00000007d981fff0, 0x00000007d9820000, 0x00000007dea8a000)
 compacting perm gen  total 21248K, used 6312K [0x00000007fae00000, 0x00000007fc2c0000, 0x0000000800000000)
   the space 21248K,  29% used [0x00000007fae00000, 0x00000007fb42a070, 0x00000007fb42a200, 0x00000007fc2c0000)
GC Heap History (10 events):
Event: 12.802 GC heap after
Heap after GC invocations=76 (full 6):
 def new generation   total 62848K, used 6975K [0x00000007bae00000, 0x00000007bf230000, 0x00000007d0350000)
  eden space 55872K,   0% used [0x00000007bae00000, 0x00000007bae00000, 0x00000007be490000)
  from space 6976K,  99% used [0x00000007beb60000, 0x00000007bf22fff8, 0x00000007bf230000)
  to   space 6976K,   0% used [0x00000007be490000, 0x00000007be490000, 0x00000007beb60000)
 tenured generation   total 139568K, used 114522K [0x00000007d0350000, 0x00000007d8b9c000, 0x00000007fae00000)
   the space 139568K,  82% used [0x00000007d0350000, 0x00000007d7326b18, 0x00000007d7326c00, 0x00000007d8b9c000)
 compacting perm gen  total 21248K, used 6276K [0x00000007fae00000, 0x00000007fc2c0000, 0x0000000800000000)
   the space 21248K,  29% used [0x00000007fae00000, 0x00000007fb421188, 0x00000007fb421200, 0x00000007fc2c0000)
No shared spaces configured.
}
Event: 13.144 GC heap before
{Heap before GC invocations=76 (full 6):
 def new generation   total 62848K, used 62847K [0x00000007bae00000, 0x00000007bf230000, 0x00000007d0350000)
  eden space 55872K, 100% used [0x00000007bae00000, 0x00000007be490000, 0x00000007be490000)
  from space 6976K,  99% used [0x00000007beb60000, 0x00000007bf22fff8, 0x00000007bf230000)
  to   space 6976K,   0% used [0x00000007be490000, 0x00000007be490000, 0x00000007beb60000)
 tenured generation   total 139568K, used 114522K [0x00000007d0350000, 0x00000007d8b9c000, 0x00000007fae00000)
   the space 139568K,  82% used [0x00000007d0350000, 0x00000007d7326b18, 0x00000007d7326c00, 0x00000007d8b9c000)
 compacting perm gen  total 21248K, used 6282K [0x00000007fae00000, 0x00000007fc2c0000, 0x0000000800000000)
   the space 21248K,  29% used [0x00000007fae00000, 0x00000007fb422818, 0x00000007fb422a00, 0x00000007fc2c0000)
No shared spaces configured.
Event: 13.232 GC heap after
Heap after GC invocations=77 (full 6):
 def new generation   total 62848K, used 6976K [0x00000007bae00000, 0x00000007bf230000, 0x00000007d0350000)
  eden space 55872K,   0% used [0x00000007bae00000, 0x00000007bae00000, 0x00000007be490000)
  from space 6976K, 100% used [0x00000007be490000, 0x00000007beb60000, 0x00000007beb60000)
  to   space 6976K,   0% used [0x00000007beb60000, 0x00000007beb60000, 0x00000007bf230000)
 tenured generation   total 139568K, used 123696K [0x00000007d0350000, 0x00000007d8b9c000, 0x00000007fae00000)
   the space 139568K,  88% used [0x00000007d0350000, 0x00000007d7c1c3e8, 0x00000007d7c1c400, 0x00000007d8b9c000)
 compacting perm gen  total 21248K, used 6282K [0x00000007fae00000, 0x00000007fc2c0000, 0x0000000800000000)
   the space 21248K,  29% used [0x00000007fae00000, 0x00000007fb422818, 0x00000007fb422a00, 0x00000007fc2c0000)
No shared spaces configured.
}
Event: 13.825 GC heap before
{Heap before GC invocations=77 (full 6):
 def new generation   total 62848K, used 62848K [0x00000007bae00000, 0x00000007bf230000, 0x00000007d0350000)
  eden space 55872K, 100% used [0x00000007bae00000, 0x00000007be490000, 0x00000007be490000)
  from space 6976K, 100% used [0x00000007be490000, 0x00000007beb60000, 0x00000007beb60000)
  to   space 6976K,   0% used [0x00000007beb60000, 0x00000007beb60000, 0x00000007bf230000)
 tenured generation   total 139568K, used 123696K [0x00000007d0350000, 0x00000007d8b9c000, 0x00000007fae00000)
   the space 139568K,  88% used [0x00000007d0350000, 0x00000007d7c1c3e8, 0x00000007d7c1c400, 0x00000007d8b9c000)
 compacting perm gen  total 21248K, used 6288K [0x00000007fae00000, 0x00000007fc2c0000, 0x0000000800000000)
   the space 21248K,  29% used [0x00000007fae00000, 0x00000007fb424030, 0x00000007fb424200, 0x00000007fc2c0000)
No shared spaces configured.
Event: 13.905 GC heap after
Heap after GC invocations=78 (full 6):
 def new generation   total 62848K, used 6976K [0x00000007bae00000, 0x00000007bf230000, 0x00000007d0350000)
  eden space 55872K,   0% used [0x00000007bae00000, 0x00000007bae00000, 0x00000007be490000)
  from space 6976K, 100% used [0x00000007beb60000, 0x00000007bf230000, 0x00000007bf230000)
  to   space 6976K,   0% used [0x00000007be490000, 0x00000007be490000, 0x00000007beb60000)
 tenured generation   total 139568K, used 133056K [0x00000007d0350000, 0x00000007d8b9c000, 0x00000007fae00000)
   the space 139568K,  95% used [0x00000007d0350000, 0x00000007d8540170, 0x00000007d8540200, 0x00000007d8b9c000)
 compacting perm gen  total 21248K, used 6288K [0x00000007fae00000, 0x00000007fc2c0000, 0x0000000800000000)
   the space 21248K,  29% used [0x00000007fae00000, 0x00000007fb424030, 0x00000007fb424200, 0x00000007fc2c0000)
No shared spaces configured.
}
Event: 14.321 GC heap before
{Heap before GC invocations=78 (full 6):
 def new generation   total 62848K, used 62848K [0x00000007bae00000, 0x00000007bf230000, 0x00000007d0350000)
  eden space 55872K, 100% used [0x00000007bae00000, 0x00000007be490000, 0x00000007be490000)
  from space 6976K, 100% used [0x00000007beb60000, 0x00000007bf230000, 0x00000007bf230000)
  to   space 6976K,   0% used [0x00000007be490000, 0x00000007be490000, 0x00000007beb60000)
 tenured generation   total 139568K, used 133056K [0x00000007d0350000, 0x00000007d8b9c000, 0x00000007fae00000)
   the space 139568K,  95% used [0x00000007d0350000, 0x00000007d8540170, 0x00000007d8540200, 0x00000007d8b9c000)
 compacting perm gen  total 21248K, used 6293K [0x00000007fae00000, 0x00000007fc2c0000, 0x0000000800000000)
   the space 21248K,  29% used [0x00000007fae00000, 0x00000007fb4255a8, 0x00000007fb425600, 0x00000007fc2c0000)
No shared spaces configured.
Event: 15.010 GC heap after
Heap after GC invocations=79 (full 7):
 def new generation   total 106624K, used 6800K [0x00000007bae00000, 0x00000007c21b0000, 0x00000007d0350000)
  eden space 94784K,   7% used [0x00000007bae00000, 0x00000007bb4a4218, 0x00000007c0a90000)
  from space 11840K,   0% used [0x00000007c0a90000, 0x00000007c0a90000, 0x00000007c1620000)
  to   space 11840K,   0% used [0x00000007c1620000, 0x00000007c1620000, 0x00000007c21b0000)
 tenured generation   total 236776K, used 142063K [0x00000007d0350000, 0x00000007dea8a000, 0x00000007fae00000)
   the space 236776K,  59% used [0x00000007d0350000, 0x00000007d8e0bff8, 0x00000007d8e0c000, 0x00000007dea8a000)
 compacting perm gen  total 21248K, used 6293K [0x00000007fae00000, 0x00000007fc2c0000, 0x0000000800000000)
   the space 21248K,  29% used [0x00000007fae00000, 0x00000007fb4255a8, 0x00000007fb425600, 0x00000007fc2c0000)
No shared spaces configured.
}
Event: 15.483 GC heap before
{Heap before GC invocations=79 (full 7):
 def new generation   total 106624K, used 94784K [0x00000007bae00000, 0x00000007c21b0000, 0x00000007d0350000)
  eden space 94784K, 100% used [0x00000007bae00000, 0x00000007c0a90000, 0x00000007c0a90000)
  from space 11840K,   0% used [0x00000007c0a90000, 0x00000007c0a90000, 0x00000007c1620000)
  to   space 11840K,   0% used [0x00000007c1620000, 0x00000007c1620000, 0x00000007c21b0000)
 tenured generation   total 236776K, used 142063K [0x00000007d0350000, 0x00000007dea8a000, 0x00000007fae00000)
   the space 236776K,  59% used [0x00000007d0350000, 0x00000007d8e0bff8, 0x00000007d8e0c000, 0x00000007dea8a000)
 compacting perm gen  total 21248K, used 6300K [0x00000007fae00000, 0x00000007fc2c0000, 0x0000000800000000)
   the space 21248K,  29% used [0x00000007fae00000, 0x00000007fb4273d8, 0x00000007fb427400, 0x00000007fc2c0000)
No shared spaces configured.
Event: 15.833 GC heap after
Heap after GC invocations=80 (full 7):
 def new generation   total 106624K, used 11840K [0x00000007bae00000, 0x00000007c21b0000, 0x00000007d0350000)
  eden space 94784K,   0% used [0x00000007bae00000, 0x00000007bae00000, 0x00000007c0a90000)
  from space 11840K, 100% used [0x00000007c1620000, 0x00000007c21b0000, 0x00000007c21b0000)
  to   space 11840K,   0% used [0x00000007c0a90000, 0x00000007c0a90000, 0x00000007c1620000)
 tenured generation   total 236776K, used 151978K [0x00000007d0350000, 0x00000007dea8a000, 0x00000007fae00000)
   the space 236776K,  64% used [0x00000007d0350000, 0x00000007d97baa38, 0x00000007d97bac00, 0x00000007dea8a000)
 compacting perm gen  total 21248K, used 6300K [0x00000007fae00000, 0x00000007fc2c0000, 0x0000000800000000)
   the space 21248K,  29% used [0x00000007fae00000, 0x00000007fb4273d8, 0x00000007fb427400, 0x00000007fc2c0000)
No shared spaces configured.
}
Event: 16.255 GC heap before
{Heap before GC invocations=80 (full 7):
 def new generation   total 106624K, used 106624K [0x00000007bae00000, 0x00000007c21b0000, 0x00000007d0350000)
  eden space 94784K, 100% used [0x00000007bae00000, 0x00000007c0a90000, 0x00000007c0a90000)
  from space 11840K, 100% used [0x00000007c1620000, 0x00000007c21b0000, 0x00000007c21b0000)
  to   space 11840K,   0% used [0x00000007c0a90000, 0x00000007c0a90000, 0x00000007c1620000)
 tenured generation   total 236776K, used 151978K [0x00000007d0350000, 0x00000007dea8a000, 0x00000007fae00000)
   the space 236776K,  64% used [0x00000007d0350000, 0x00000007d97baa38, 0x00000007d97bac00, 0x00000007dea8a000)
 compacting perm gen  total 21248K, used 6312K [0x00000007fae00000, 0x00000007fc2c0000, 0x0000000800000000)
   the space 21248K,  29% used [0x00000007fae00000, 0x00000007fb42a070, 0x00000007fb42a200, 0x00000007fc2c0000)
No shared spaces configured.

